1 10
1 8
5 7
1 23
5 7
1 10
5 10
5 1
1 8
1 10
1 9
1 6
1 9
1 15
1 9
5 3
5 5
5 6
1 13
1 11
1 10
5 3
1 10
1 9
5 5
5 3
5 0
5 0
5 0
5 1
5 0
5 0
5 4
1 7
5 5
4 1
2 7
4 9
1 11
1 12
1 9
5 0
5 0
3 13
1 10
4 4
1 88
5 3
5 3
5 6
5 4
1 24
5 1
5 2
1 16
5 3
5 4
5 9
4 3
5 3
1 16
1 16
5 5
5 2
5 5
2 26
1 8
5 8
4 2
4 3
5 3
5 5
5 3
1 18
3 11
5 7
1 15
5 12
5 4
1 22
5 5
4 23
5 3
5 5
5 8
1 10
1 11
1 13
1 10
1 10
5 4
5 4
1 8
5 5
5 2
5 4
5 2
4 8
5 5
2 8
3 6
5 6
1 15
5 2
5 0
5 2
1 10
5 3
3 2
1 11
5 4
5 23
5 2
5 9
5 1
4 5
5 5
5 2
1 25
5 6
5 4
5 4
4 6
5 5
1 33
1 12
4 18
5 5
5 6
5 3
5 2
4 6
4 2
5 3
5 3
1 12
4 2
3 2
5 2
4 31
4 0
1 25
5 9
1 27
5 4
1 18
1 17
5 4
1 12
5 3
3 1
4 8
1 20
1 12
5 4
1 15
4 8
5 4
4 9
5 11
5 4
5 9
4 1
4 2
5 2
1 18
5 3
1 19
5 5
5 3
5 2
1 26
5 5
4 15
1 21
5 6
4 467
4 2
5 5
1 27
1 18
1 0
1 18
4 2
5 1
5 2
4 6
5 6
5 8
1 17
4 8
5 3
1 105
5 4
5 5
4 13
2 9
5 4
2 19
4 2
1 19
5 3
1 8
2 9
4 1
4 1
1 15
1 22
1 12
5 60
5 1
5 8
2 5
5 1
1 20
1 20
4 5
5 2
5 3
5 3
1 12
5 4
1 4
5 4
5 1
4 16
5 2
5 2
1 10
1 15
4 3
1 4
1 4
1 114
5 3
5 3
5 5
4 10
2 1
4 5
1 8
1 7
1 3
5 5
1 7
1 5
5 8
5 5
1 5
5 8
4 6
5 4
1 6
5 2
5 2
5 1
1 7
1 10
5 19
1 14
5 3
1 19
5 7
5 6
4 5
4 0
1 11
1 61
4 23
5 4
5 7
5 3
1 10
3 6
3 14
5 12
5 3
1 13
1 26
1 27
5 6
1 14
1 44
4 34
1 12
5 57
1 42
1 32
5 4
2 17
5 3
1 15
1 14
5 48
1 18
1 24
4 8
5 7
5 4
1 12
4 2
5 2
5 5
5 3
4 0
4 3
4 2
1 7
3 16
5 1
5 4
5 3
5 7
1 15
4 3
2 16
1 8
1 8
1 10
5 2
1 3
1 13
5 85
5 4
5 11
1 13
1 12
1 28
1 13
5 4
1 10
1 6
1 9
1 14
1 9
5 5
5 4
5 0
1 11
5 6
5 3
3 4
5 7
5 5
1 11
4 6
5 12
5 5
5 3
5 3
5 3
4 16
5 5
5 7
5 8
1 15
1 12
5 6
5 6
5 4
5 3
1 6
1 12
1 26
5 17
1 11
1 12
1 3
5 4
5 12
5 7
2 7
5 6
5 3
5 21
4 5
1 34
1 11
4 6
5 6
5 5
5 8
5 0
5 11
1 37
5 29
4 2
1 8
1 8
1 1
5 4
5 0
5 128
4 15
5 1
1 33
5 1
5 1
2 20
5 3
1 13
5 1
1 10
5 3
5 2
5 28
5 0
5 0
5 0
4 1
5 3
1 25
5 4
1 2
1 3
5 5
1 14
4 0
1 11
1 12
1 66
1 8
1 9
1 15
5 8
1 13
4 9
5 4
4 22
2 10
5 4
5 5
1 6
1 7
5 3
5 4
1 5
5 2
5 9
5 3
1 6
1 5
5 3
1 4
1 0
5 3
5 2
5 27
1 2
5 1
1 1
5 13
5 1
3 2
1 1
5 0
1 3
1 2
5 0
5 0
5 1
3 0
1 1
1 4
5 1
1 1
5 0
5 1
4 0
5 0
1 1
1 2
5 0
1 0
5 0
4 0
3 1
4 1
5 0
1 0
1 1
4 0
5 0
1 1
1 1
4 1
1 1
1 0
5 1
5 1
5 1
1 1
5 0
5 0
1 2
5 0
1 3
2 0
5 0
5 0
5 0
5 0
5 0
1 2
5 0
5 0
5 0
1 1
5 0
1 1
5 1
3 0
1 1
4 0
1 3
5 0
5 1
1 0
5 0
4 1
1 2
5 0
5 1
5 0
3 1
5 0
5 0
1 0
5 0
1 2
5 1
4 0
5 0
5 0
1 1
5 0
4 1
5 5
3.36
